<?xml version="1.0" encoding="utf-8"?><testsuites name="pytest tests"><testsuite name="pytest" errors="0" failures="0" skipped="0" tests="15" time="8.837" timestamp="2026-04-30T07:49:20.326123+00:00" hostname="agent-env-2f74d2a0-6f5f-4e84-89cf-395c50a72963"><testcase classname="backend.tests.backend_test.TestHealth" name="test_health" time="0.211" /><testcase classname="backend.tests.backend_test.TestJobMechanical" name="test_upload_mechanical" time="0.432" /><testcase classname="backend.tests.backend_test.TestJobMechanical" name="test_job_processed_done" time="2.257" /><testcase classname="backend.tests.backend_test.TestJobMechanical" name="test_jobs_list_contains" time="0.046" /><testcase classname="backend.tests.backend_test.TestJobMechanical" name="test_preview_jpeg" time="0.068" /><testcase classname="backend.tests.backend_test.TestJobMechanical" name="test_dxf_download" time="0.067" /><testcase classname="backend.tests.backend_test.TestJobMechanical" name="test_reprocess" time="2.279" /><testcase classname="backend.tests.backend_test.TestJobGeometryDemo" name="test_upload_geometry" time="0.447" /><testcase classname="backend.tests.backend_test.TestJobGeometryDemo" name="test_geometry_done" time="2.222" /><testcase classname="backend.tests.backend_test.TestValidation" name="test_unsupported_extension" time="0.103" /><testcase classname="backend.tests.backend_test.TestRules" name="test_seeded_rules" time="0.047" /><testcase classname="backend.tests.backend_test.TestRules" name="test_create_rule_via_correction" time="0.193" /><testcase classname="backend.tests.backend_test.TestRules" name="test_toggle_rule_off" time="0.059" /><testcase classname="backend.tests.backend_test.TestRules" name="test_delete_rule" time="0.100" /><testcase classname="backend.tests.backend_test.TestCleanup" name="test_delete_jobs" time="0.206" /></testsuite></testsuites>